<?xml version="1.0" encoding="UTF-8"?>
<!-- Generated by org.testng.reporters.JUnitXMLReporter -->
<testsuite hostname="Iffat" ignored="1" name="NegativeTests" tests="3" failures="0" timestamp="2020-10-10T19:40:20 PKT" time="23.883" errors="0">
  <testcase name="negativeUsernameTest" time="0.955" classname="com.herokuapp.theinternet.LoginTests"/>
  <testcase name="negativePasswordTest" time="0.868" classname="com.herokuapp.theinternet.LoginTests"/>
  <testcase name="negativeUsernameaAndPasswordTest" time="0.849" classname="com.herokuapp.theinternet.LoginTests"/>
  <testcase name="positiveLoginTest" time="0.0" classname="com.herokuapp.theinternet.LoginTests">
    <ignored/>
  </testcase> <!-- positiveLoginTest -->
</testsuite> <!-- NegativeTests -->
