<?xml version="1.0" encoding="UTF-8"?>
<!-- Generated by org.testng.reporters.JUnitXMLReporter -->
<testsuite hostname="Iffat" ignored="1" name="NegativeLoginTests" tests="3" failures="0" timestamp="2020-10-10T19:39:43 PKT" time="12.097" errors="0">
  <testcase name="negativeUsernameTest" time="0.977" classname="com.herokuapp.theinternet.LoginTests"/>
  <testcase name="negativePasswordTest" time="0.956" classname="com.herokuapp.theinternet.LoginTests"/>
  <testcase name="negativeUsernameaAndPasswordTest" time="1.232" classname="com.herokuapp.theinternet.LoginTests"/>
  <testcase name="positiveLoginTest" time="0.0" classname="com.herokuapp.theinternet.LoginTests">
    <ignored/>
  </testcase> <!-- positiveLoginTest -->
</testsuite> <!-- NegativeLoginTests -->
