<?xml version="1.0" encoding="UTF-8"?>
<!-- Generated by org.testng.reporters.JUnitXMLReporter -->
<testsuite hostname="Iffat" ignored="3" name="PositiveLoginTests" tests="1" failures="0" timestamp="2020-10-10T19:39:31 PKT" time="36.979" errors="0">
  <testcase name="positiveLoginTest" time="1.042" classname="com.herokuapp.theinternet.LoginTests"/>
  <testcase name="negativePasswordTest" time="0.0" classname="com.herokuapp.theinternet.LoginTests">
    <ignored/>
  </testcase> <!-- negativePasswordTest -->
  <testcase name="negativeUsernameaAndPasswordTest" time="0.0" classname="com.herokuapp.theinternet.LoginTests">
    <ignored/>
  </testcase> <!-- negativeUsernameaAndPasswordTest -->
  <testcase name="negativeUsernameTest" time="0.0" classname="com.herokuapp.theinternet.LoginTests">
    <ignored/>
  </testcase> <!-- negativeUsernameTest -->
</testsuite> <!-- PositiveLoginTests -->
