<?xml version="1.0" encoding="UTF-8"?>
<!-- Generated by org.testng.reporters.JUnitXMLReporter -->
<testsuite hostname="Iffat" ignored="0" name="Default test" tests="4" failures="0" timestamp="2020-10-10T19:21:43 PKT" time="22.1" errors="0">
  <testcase name="negativeUsernameTest" time="1.608" classname="com.herokuapp.theinternet.LoginTests"/>
  <testcase name="negativePasswordTest" time="1.245" classname="com.herokuapp.theinternet.LoginTests"/>
  <testcase name="negativeUsernameaAndPasswordTest" time="1.096" classname="com.herokuapp.theinternet.LoginTests"/>
  <testcase name="positiveLoginTest" time="1.11" classname="com.herokuapp.theinternet.LoginTests"/>
</testsuite> <!-- Default test -->
