<?xml version="1.0" encoding="UTF-8"?>
<!-- Generated by org.testng.reporters.JUnitXMLReporter -->
<testsuite hostname="Iffat" ignored="1" name="NegativeLoginTests" tests="3" failures="0" timestamp="2020-10-11T00:38:18 PKT" time="2.601" errors="0">
  <testcase name="negativeUsernameTest" time="0.878" classname="com.herokuapp.theinternet.LoginTests"/>
  <testcase name="negativePasswordTest" time="0.812" classname="com.herokuapp.theinternet.LoginTests"/>
  <testcase name="negativeUsernameaAndPasswordTest" time="0.862" classname="com.herokuapp.theinternet.LoginTests"/>
  <testcase name="positiveLoginTest" time="0.0" classname="com.herokuapp.theinternet.LoginTests">
    <ignored/>
  </testcase> <!-- positiveLoginTest -->
</testsuite> <!-- NegativeLoginTests -->
