<?xml version="1.0" encoding="UTF-8"?>
<testng-results skipped="0" failed="0" ignored="0" total="2" passed="2">
  <reporter-output>
  </reporter-output>
  <suite name="Default suite" duration-ms="75564" started-at="2020-10-13T21:13:36 PKT" finished-at="2020-10-13T21:14:52 PKT">
    <groups>
    </groups>
    <test name="Default test" duration-ms="75564" started-at="2020-10-13T21:13:36 PKT" finished-at="2020-10-13T21:14:52 PKT">
      <class name="com.herokuapp.theinternet.SeleniumWait">
        <test-method status="PASS" signature="waitForHelloWorld()[pri:0, instance:com.herokuapp.theinternet.SeleniumWait@30b8a058]" name="waitForHelloWorld" duration-ms="33720" started-at="2020-10-13T21:13:36 PKT" finished-at="2020-10-13T21:14:10 PKT">
          <reporter-output>
          </reporter-output>
        </test-method> <!-- waitForHelloWorld -->
        <test-method status="PASS" signature="waitForHelloWorld2()[pri:0, instance:com.herokuapp.theinternet.SeleniumWait@30b8a058]" name="waitForHelloWorld2" duration-ms="41775" started-at="2020-10-13T21:14:10 PKT" finished-at="2020-10-13T21:14:52 PKT">
          <reporter-output>
          </reporter-output>
        </test-method> <!-- waitForHelloWorld2 -->
      </class> <!-- com.herokuapp.theinternet.SeleniumWait -->
    </test> <!-- Default test -->
  </suite> <!-- Default suite -->
</testng-results>
